
****** Vivado v2017.2 (64-bit)
  **** SW Build 1909853 on Thu Jun 15 18:39:10 MDT 2017
  **** IP Build 1909766 on Thu Jun 15 19:58:00 MDT 2017
    ** Copyright 1986-2017 Xilinx, Inc. All Rights Reserved.

source /home/cod/prj5-riscv-cpu-Therock90421/hardware/scripts/mk.tcl -notrace
Command: synth_design -rtl -rtl_skip_constraints -rtl_skip_ip -top riscv_cpu_top
Starting synth_design
Using part: xczu2eg-sfva625-1-e
---------------------------------------------------------------------------------
Starting RTL Elaboration : Time (s): cpu = 00:00:05 ; elapsed = 00:00:05 . Memory (MB): peak = 1139.957 ; gain = 47.996 ; free physical = 1253 ; free virtual = 6789
---------------------------------------------------------------------------------
INFO: [Synth 8-638] synthesizing module 'riscv_cpu_top' [/home/cod/prj5-riscv-cpu-Therock90421/hardware/sources/hdl/riscv_cpu_top.v:13]
INFO: [Synth 8-638] synthesizing module 'riscv_cpu' [/home/cod/prj5-riscv-cpu-Therock90421/hardware/sources/ip_catalog/riscv_core/riscv_cpu.v:3]
INFO: [Synth 8-638] synthesizing module 'reg_file' [/home/cod/prj5-riscv-cpu-Therock90421/hardware/sources/ip_catalog/riscv_core/reg_file.v:6]
INFO: [Synth 8-256] done synthesizing module 'reg_file' (1#1) [/home/cod/prj5-riscv-cpu-Therock90421/hardware/sources/ip_catalog/riscv_core/reg_file.v:6]
INFO: [Synth 8-638] synthesizing module 'alu' [/home/cod/prj5-riscv-cpu-Therock90421/hardware/sources/ip_catalog/riscv_core/alu.v:5]
INFO: [Synth 8-256] done synthesizing module 'alu' (2#1) [/home/cod/prj5-riscv-cpu-Therock90421/hardware/sources/ip_catalog/riscv_core/alu.v:5]
INFO: [Synth 8-256] done synthesizing module 'riscv_cpu' (3#1) [/home/cod/prj5-riscv-cpu-Therock90421/hardware/sources/ip_catalog/riscv_core/riscv_cpu.v:3]
INFO: [Synth 8-256] done synthesizing module 'riscv_cpu_top' (4#1) [/home/cod/prj5-riscv-cpu-Therock90421/hardware/sources/hdl/riscv_cpu_top.v:13]
WARNING: [Synth 8-3917] design riscv_cpu_top has port riscv_cpu_axi_if_bready driven by constant 1
WARNING: [Synth 8-3331] design riscv_cpu_top has unconnected port riscv_cpu_axi_if_bresp[1]
WARNING: [Synth 8-3331] design riscv_cpu_top has unconnected port riscv_cpu_axi_if_bresp[0]
WARNING: [Synth 8-3331] design riscv_cpu_top has unconnected port riscv_cpu_axi_if_bvalid
WARNING: [Synth 8-3331] design riscv_cpu_top has unconnected port riscv_cpu_axi_if_rresp[1]
WARNING: [Synth 8-3331] design riscv_cpu_top has unconnected port riscv_cpu_axi_if_rresp[0]
---------------------------------------------------------------------------------
Finished RTL Elaboration : Time (s): cpu = 00:00:07 ; elapsed = 00:00:07 . Memory (MB): peak = 1180.457 ; gain = 88.496 ; free physical = 1257 ; free virtual = 6793
---------------------------------------------------------------------------------

Report Check Netlist: 
+------+------------------+-------+---------+-------+------------------+
|      |Item              |Errors |Warnings |Status |Description       |
+------+------------------+-------+---------+-------+------------------+
|1     |multi_driven_nets |      0|        0|Passed |Multi driven nets |
+------+------------------+-------+---------+-------+------------------+
---------------------------------------------------------------------------------
Finished RTL Optimization Phase 1 : Time (s): cpu = 00:00:08 ; elapsed = 00:00:08 . Memory (MB): peak = 1180.457 ; gain = 88.496 ; free physical = 1260 ; free virtual = 6795
---------------------------------------------------------------------------------
INFO: [Device 21-403] Loading part xczu2eg-sfva625-1-e
INFO: [Project 1-570] Preparing netlist for logic optimization
INFO: [Project 1-111] Unisim Transformation Summary:
No Unisim elements were transformed.

RTL Elaboration Complete:  : Time (s): cpu = 00:00:18 ; elapsed = 00:00:18 . Memory (MB): peak = 1681.387 ; gain = 589.426 ; free physical = 734 ; free virtual = 6270
11 Infos, 6 Warnings, 0 Critical Warnings and 0 Errors encountered.
synth_design completed successfully
synth_design: Time (s): cpu = 00:00:18 ; elapsed = 00:00:18 . Memory (MB): peak = 1681.387 ; gain = 589.426 ; free physical = 734 ; free virtual = 6270
INFO: [Common 17-206] Exiting Vivado at Mon May 27 02:54:51 2019...
